0 info it worked if it ends with ok
1 verbose cli [ '/usr/local/bin/node',
1 verbose cli   '/usr/local/bin/npm',
1 verbose cli   'install',
1 verbose cli   '--global',
1 verbose cli   'babel' ]
2 info using npm@2.11.3
3 info using node@v0.12.7
4 verbose install initial load of /usr/local/lib/package.json
5 verbose readDependencies loading dependencies from /usr/local/lib/package.json
6 silly cache add args [ 'babel', null ]
7 verbose cache add spec babel
8 silly cache add parsed spec { raw: 'babel',
8 silly cache add   scope: null,
8 silly cache add   name: 'babel',
8 silly cache add   rawSpec: '',
8 silly cache add   spec: '*',
8 silly cache add   type: 'range' }
9 silly addNamed babel@*
10 verbose addNamed "*" is a valid semver range for babel
11 silly addNameRange { name: 'babel', range: '*', hasData: false }
12 silly mapToRegistry name babel
13 silly mapToRegistry using default registry
14 silly mapToRegistry registry https://registry.npmjs.org/
15 silly mapToRegistry uri https://registry.npmjs.org/babel
16 verbose addNameRange registry:https://registry.npmjs.org/babel not in flight; fetching
17 verbose request uri https://registry.npmjs.org/babel
18 verbose request no auth needed
19 info attempt registry request try #1 at 2:54:17 PM
20 verbose request id 7d21043d2606a8f9
21 verbose etag "3V1J8HPLD0GJTDH7GDOLOTEQV"
22 http request GET https://registry.npmjs.org/babel
23 http 200 https://registry.npmjs.org/babel
24 silly get cb [ 200,
24 silly get   { server: 'CouchDB/1.5.0 (Erlang OTP/R16B03)',
24 silly get     etag: '"7CA3RTSETBOMDQQVWCDD2SAG6"',
24 silly get     'content-type': 'application/json',
24 silly get     'cache-control': 'max-age=60',
24 silly get     'content-length': '208116',
24 silly get     'accept-ranges': 'bytes',
24 silly get     date: 'Fri, 14 Aug 2015 13:54:17 GMT',
24 silly get     via: '1.1 varnish',
24 silly get     age: '3',
24 silly get     connection: 'keep-alive',
24 silly get     'x-served-by': 'cache-lcy1129-LCY',
24 silly get     'x-cache': 'HIT',
24 silly get     'x-cache-hits': '1',
24 silly get     'x-timer': 'S1439560457.756263,VS0,VE1',
24 silly get     vary: 'Accept' } ]
25 verbose get saving babel to /Users/jholder/.npm/registry.npmjs.org/babel/.cache.json
26 silly addNameRange number 2 { name: 'babel', range: '*', hasData: true }
27 silly addNameRange versions [ 'babel',
27 silly addNameRange   [ '0.0.1',
27 silly addNameRange     '4.0.1',
27 silly addNameRange     '4.0.2',
27 silly addNameRange     '4.1.1',
27 silly addNameRange     '4.2.0',
27 silly addNameRange     '4.2.1',
27 silly addNameRange     '4.3.0',
27 silly addNameRange     '4.4.1',
27 silly addNameRange     '4.4.2',
27 silly addNameRange     '4.4.3',
27 silly addNameRange     '4.4.4',
27 silly addNameRange     '4.4.5',
27 silly addNameRange     '4.4.6',
27 silly addNameRange     '4.5.0',
27 silly addNameRange     '4.5.1',
27 silly addNameRange     '4.5.2',
27 silly addNameRange     '4.5.3',
27 silly addNameRange     '4.5.4',
27 silly addNameRange     '4.5.5',
27 silly addNameRange     '4.6.0',
27 silly addNameRange     '4.6.1',
27 silly addNameRange     '4.6.3',
27 silly addNameRange     '4.6.4',
27 silly addNameRange     '4.6.5',
27 silly addNameRange     '4.6.6',
27 silly addNameRange     '4.7.0',
27 silly addNameRange     '4.7.1',
27 silly addNameRange     '4.7.2',
27 silly addNameRange     '4.7.3',
27 silly addNameRange     '4.7.4',
27 silly addNameRange     '4.7.5',
27 silly addNameRange     '4.7.6',
27 silly addNameRange     '4.7.7',
27 silly addNameRange     '4.7.8',
27 silly addNameRange     '4.7.9',
27 silly addNameRange     '4.7.10',
27 silly addNameRange     '4.7.11',
27 silly addNameRange     '4.7.12',
27 silly addNameRange     '4.7.13',
27 silly addNameRange     '4.7.14',
27 silly addNameRange     '4.7.15',
27 silly addNameRange     '4.7.16',
27 silly addNameRange     '5.0.0-beta2',
27 silly addNameRange     '5.0.0-beta3',
27 silly addNameRange     '5.0.0-beta4',
27 silly addNameRange     '5.0.0',
27 silly addNameRange     '5.0.1',
27 silly addNameRange     '5.0.2',
27 silly addNameRange     '5.0.3',
27 silly addNameRange     '5.0.4',
27 silly addNameRange     '5.0.5',
27 silly addNameRange     '5.0.6',
27 silly addNameRange     '5.0.7',
27 silly addNameRange     '5.0.8',
27 silly addNameRange     '5.0.9',
27 silly addNameRange     '5.0.10',
27 silly addNameRange     '5.0.11',
27 silly addNameRange     '5.0.12',
27 silly addNameRange     '5.0.13',
27 silly addNameRange     '5.1.0',
27 silly addNameRange     '5.1.1',
27 silly addNameRange     '5.1.2',
27 silly addNameRange     '5.1.3',
27 silly addNameRange     '5.1.4',
27 silly addNameRange     '5.1.5',
27 silly addNameRange     '5.1.6',
27 silly addNameRange     '5.1.7',
27 silly addNameRange     '5.1.8',
27 silly addNameRange     '5.1.9',
27 silly addNameRange     '5.1.10',
27 silly addNameRange     '5.1.11',
27 silly addNameRange     '5.1.12',
27 silly addNameRange     '5.1.13',
27 silly addNameRange     '5.2.0',
27 silly addNameRange     '5.2.1',
27 silly addNameRange     '5.2.2',
27 silly addNameRange     '5.2.3',
27 silly addNameRange     '5.2.4',
27 silly addNameRange     '5.2.5',
27 silly addNameRange     '5.2.6',
27 silly addNameRange     '5.2.7',
27 silly addNameRange     '5.2.9',
27 silly addNameRange     '5.2.10',
27 silly addNameRange     '5.2.11',
27 silly addNameRange     '5.2.12',
27 silly addNameRange     '5.2.13',
27 silly addNameRange     '5.2.14',
27 silly addNameRange     '5.2.15',
27 silly addNameRange     '5.2.16',
27 silly addNameRange     '5.2.17',
27 silly addNameRange     '5.3.0',
27 silly addNameRange     '5.3.1',
27 silly addNameRange     '5.3.2',
27 silly addNameRange     '5.3.3',
27 silly addNameRange     '5.4.0',
27 silly addNameRange     '5.4.1',
27 silly addNameRange     '5.4.2',
27 silly addNameRange     '5.4.3',
27 silly addNameRange     '5.4.4',
27 silly addNameRange     '5.4.5',
27 silly addNameRange     '5.4.6',
27 silly addNameRange     '5.4.7',
27 silly addNameRange     '5.5.0',
27 silly addNameRange     '5.5.1',
27 silly addNameRange     '5.5.2',
27 silly addNameRange     '5.5.3',
27 silly addNameRange     '5.5.4',
27 silly addNameRange     '5.5.5',
27 silly addNameRange     '5.5.6',
27 silly addNameRange     '5.5.7',
27 silly addNameRange     '5.5.8',
27 silly addNameRange     '5.6.1',
27 silly addNameRange     '5.6.2',
27 silly addNameRange     '5.6.3',
27 silly addNameRange     '5.6.4',
27 silly addNameRange     '5.6.5',
27 silly addNameRange     '5.6.6',
27 silly addNameRange     '5.6.7',
27 silly addNameRange     '5.6.10',
27 silly addNameRange     '5.6.11',
27 silly addNameRange     '5.6.12',
27 silly addNameRange     '5.6.14',
27 silly addNameRange     '5.6.23',
27 silly addNameRange     '5.8.2',
27 silly addNameRange     '5.8.3',
27 silly addNameRange     '5.8.5',
27 silly addNameRange     '5.8.6',
27 silly addNameRange     '5.8.8',
27 silly addNameRange     '5.8.9',
27 silly addNameRange     '5.8.12',
27 silly addNameRange     '5.8.19',
27 silly addNameRange     '5.8.20',
27 silly addNameRange     '5.8.21' ] ]
28 silly addNamed babel@5.8.21
29 verbose addNamed "5.8.21" is a plain semver version for babel
30 silly cache afterAdd babel@5.8.21
31 verbose afterAdd /Users/jholder/.npm/babel/5.8.21/package/package.json not in flight; writing
32 verbose afterAdd /Users/jholder/.npm/babel/5.8.21/package/package.json written
33 silly install resolved [ { name: 'babel',
33 silly install resolved     version: '5.8.21',
33 silly install resolved     description: 'Turn ES6 code into readable vanilla ES5 with source maps',
33 silly install resolved     author: { name: 'Sebastian McKenzie', email: 'sebmck@gmail.com' },
33 silly install resolved     homepage: 'https://babeljs.io/',
33 silly install resolved     license: 'MIT',
33 silly install resolved     repository: { type: 'git', url: 'git+https://github.com/babel/babel.git' },
33 silly install resolved     preferGlobal: true,
33 silly install resolved     dependencies:
33 silly install resolved      { 'babel-core': '^5.6.21',
33 silly install resolved        chokidar: '^1.0.0',
33 silly install resolved        commander: '^2.6.0',
33 silly install resolved        'convert-source-map': '^1.1.0',
33 silly install resolved        'fs-readdir-recursive': '^0.1.0',
33 silly install resolved        glob: '^5.0.5',
33 silly install resolved        lodash: '^3.2.0',
33 silly install resolved        'output-file-sync': '^1.1.0',
33 silly install resolved        'path-exists': '^1.0.0',
33 silly install resolved        'path-is-absolute': '^1.0.0',
33 silly install resolved        'source-map': '^0.4.0',
33 silly install resolved        slash: '^1.0.0' },
33 silly install resolved     bin:
33 silly install resolved      { babel: './bin/babel.js',
33 silly install resolved        'babel-node': './bin/babel-node.js',
33 silly install resolved        'babel-external-helpers': './bin/babel-external-helpers.js',
33 silly install resolved        'babel-plugin': './bin/babel-plugin.js' },
33 silly install resolved     bugs: { url: 'https://github.com/babel/babel/issues' },
33 silly install resolved     _id: 'babel@5.8.21',
33 silly install resolved     scripts: {},
33 silly install resolved     _shasum: 'f10af369f54cf44943d13ee069a6f3c957b0159d',
33 silly install resolved     _from: 'babel@*',
33 silly install resolved     _npmVersion: '2.11.3',
33 silly install resolved     _nodeVersion: '0.12.7',
33 silly install resolved     _npmUser: { name: 'sebmck', email: 'sebmck@gmail.com' },
33 silly install resolved     dist:
33 silly install resolved      { shasum: 'f10af369f54cf44943d13ee069a6f3c957b0159d',
33 silly install resolved        tarball: 'http://registry.npmjs.org/babel/-/babel-5.8.21.tgz' },
33 silly install resolved     maintainers: [ [Object] ],
33 silly install resolved     directories: {},
33 silly install resolved     _resolved: 'https://registry.npmjs.org/babel/-/babel-5.8.21.tgz',
33 silly install resolved     readme: 'ERROR: No README data found!' } ]
34 info install babel@5.8.21 into /usr/local/lib
35 info installOne babel@5.8.21
36 verbose installOne of babel to /usr/local/lib not in flight; installing
37 verbose lock using /Users/jholder/.npm/_locks/babel-5417f13f3f034c23.lock for /usr/local/lib/node_modules/babel
38 silly install write writing babel 5.8.21 to /usr/local/lib/node_modules/babel
39 verbose unbuild lib/node_modules/babel
40 info preuninstall babel@5.0.12
41 info uninstall babel@5.0.12
42 verbose unbuild rmStuff babel@5.0.12 from /usr/local/lib/node_modules
43 silly gentlyRm /usr/local/bin/babel is being gently removed
44 silly gentlyRm verifying /usr/local is an npm working directory
45 silly gentlyRm /usr/local/bin/babel-node is being gently removed
46 silly gentlyRm verifying /usr/local is an npm working directory
47 silly gentlyRm /usr/local/bin/babel-external-helpers is being gently removed
48 silly gentlyRm verifying /usr/local is an npm working directory
49 silly gentlyRm containing path /usr/local is under npm's control, in /usr/local
50 silly gentlyRm deletion target /usr/local/bin/babel is under /usr/local
51 verbose gentlyRm vacuuming from /usr/local/bin/babel up to /usr/local
52 silly gentlyRm containing path /usr/local is under npm's control, in /usr/local
53 silly gentlyRm deletion target /usr/local/bin/babel-node is under /usr/local
54 verbose gentlyRm vacuuming from /usr/local/bin/babel-node up to /usr/local
55 silly gentlyRm containing path /usr/local is under npm's control, in /usr/local
56 silly gentlyRm deletion target /usr/local/bin/babel-external-helpers is under /usr/local
57 verbose gentlyRm vacuuming from /usr/local/bin/babel-external-helpers up to /usr/local
58 silly vacuum-fs removing /usr/local/bin/babel
59 silly vacuum-fs removing /usr/local/bin/babel-node
60 silly vacuum-fs removing /usr/local/bin/babel-external-helpers
61 silly vacuum-fs quitting because other entries in /usr/local/bin
62 silly vacuum-fs quitting because other entries in /usr/local/bin
63 silly vacuum-fs quitting because other entries in /usr/local/bin
64 info postuninstall babel@5.0.12
65 silly gentlyRm /usr/local/lib/node_modules/babel is being purged from base /usr/local
66 verbose gentlyRm don't care about contents; nuking /usr/local/lib/node_modules/babel
67 silly vacuum-fs purging /usr/local/lib/node_modules/babel
68 verbose unlock done using /Users/jholder/.npm/_locks/babel-5417f13f3f034c23.lock for /usr/local/lib/node_modules/babel
69 verbose stack Error: EACCES, unlink '/usr/local/lib/node_modules/babel/README.md'
69 verbose stack     at Error (native)
70 verbose cwd /Users/jholder/Projects/Interactives/rugby-es6
71 error Darwin 14.4.0
72 error argv "/usr/local/bin/node" "/usr/local/bin/npm" "install" "--global" "babel"
73 error node v0.12.7
74 error npm  v2.11.3
75 error path /usr/local/lib/node_modules/babel/README.md
76 error code EACCES
77 error errno -13
78 error Error: EACCES, unlink '/usr/local/lib/node_modules/babel/README.md'
78 error     at Error (native)
78 error  { [Error: EACCES, unlink '/usr/local/lib/node_modules/babel/README.md']
78 error   errno: -13,
78 error   code: 'EACCES',
78 error   path: '/usr/local/lib/node_modules/babel/README.md' }
79 error Please try running this command again as root/Administrator.
80 verbose exit [ -13, true ]
81 verbose unbuild lib/node_modules/babel
82 info preuninstall babel@5.0.12
83 info uninstall babel@5.0.12
84 verbose unbuild rmStuff babel@5.0.12 from /usr/local/lib/node_modules
85 silly gentlyRm /usr/local/bin/babel is being gently removed
86 silly gentlyRm verifying /usr/local is an npm working directory
87 silly gentlyRm /usr/local/bin/babel-node is being gently removed
88 silly gentlyRm verifying /usr/local is an npm working directory
89 silly gentlyRm /usr/local/bin/babel-external-helpers is being gently removed
90 silly gentlyRm verifying /usr/local is an npm working directory
91 silly gentlyRm containing path /usr/local is under npm's control, in /usr/local
92 silly gentlyRm deletion target /usr/local/bin/babel is under /usr/local
93 verbose gentlyRm vacuuming from /usr/local/bin/babel up to /usr/local
94 silly gentlyRm containing path /usr/local is under npm's control, in /usr/local
95 silly gentlyRm deletion target /usr/local/bin/babel-node is under /usr/local
96 verbose gentlyRm vacuuming from /usr/local/bin/babel-node up to /usr/local
97 silly gentlyRm containing path /usr/local is under npm's control, in /usr/local
98 silly gentlyRm deletion target /usr/local/bin/babel-external-helpers is under /usr/local
99 verbose gentlyRm vacuuming from /usr/local/bin/babel-external-helpers up to /usr/local
100 info postuninstall babel@5.0.12
101 silly gentlyRm /usr/local/lib/node_modules/babel is being purged from base /usr/local
102 verbose gentlyRm don't care about contents; nuking /usr/local/lib/node_modules/babel
103 silly vacuum-fs purging /usr/local/lib/node_modules/babel
104 error error rolling back Error: EACCES, unlink '/usr/local/lib/node_modules/babel/README.md'
104 error error rolling back     at Error (native)
104 error error rolling back  { [Error: EACCES, unlink '/usr/local/lib/node_modules/babel/README.md']
104 error error rolling back   errno: -13,
104 error error rolling back   code: 'EACCES',
104 error error rolling back   path: '/usr/local/lib/node_modules/babel/README.md' }
